<?xml version="1.0" encoding="utf-8"?><testsuites name="pytest tests"><testsuite name="pytest" errors="0" failures="0" skipped="0" tests="19" time="4.195" timestamp="2026-05-19T22:14:22.672804+00:00" hostname="agent-env-42e5c584-333e-40ec-996d-3757201951c7"><testcase classname="backend.tests.test_nafamarket.TestAuthMe" name="test_admin_me_has_new_fields" time="0.479" /><testcase classname="backend.tests.test_nafamarket.TestAuthMe" name="test_new_user_verified_and_has_referral" time="0.218" /><testcase classname="backend.tests.test_nafamarket.TestReferral" name="test_referral_grants_boost_to_both" time="0.451" /><testcase classname="backend.tests.test_nafamarket.TestListings" name="test_list_listings" time="0.122" /><testcase classname="backend.tests.test_nafamarket.TestListings" name="test_create_listing_pending" time="0.230" /><testcase classname="backend.tests.test_nafamarket.TestListings" name="test_admin_approve" time="0.138" /><testcase classname="backend.tests.test_nafamarket.TestReports" name="test_create_report" time="0.113" /><testcase classname="backend.tests.test_nafamarket.TestReports" name="test_admin_list_reports" time="0.114" /><testcase classname="backend.tests.test_nafamarket.TestReports" name="test_non_admin_cannot_list_reports" time="0.117" /><testcase classname="backend.tests.test_nafamarket.TestReports" name="test_admin_resolve" time="0.264" /><testcase classname="backend.tests.test_nafamarket.TestReviews" name="test_create_review_updates_avg" time="0.264" /><testcase classname="backend.tests.test_nafamarket.TestReviews" name="test_review_invalid_rating" time="0.112" /><testcase classname="backend.tests.test_nafamarket.TestReviews" name="test_cannot_review_self" time="0.121" /><testcase classname="backend.tests.test_nafamarket.TestUseBoost" name="test_use_boost_decrements" time="0.441" /><testcase classname="backend.tests.test_nafamarket.TestUseBoost" name="test_use_boost_no_credit_fails" time="0.217" /><testcase classname="backend.tests.test_nafamarket.TestExisting" name="test_categories" time="0.109" /><testcase classname="backend.tests.test_nafamarket.TestExisting" name="test_admin_stats" time="0.106" /><testcase classname="backend.tests.test_nafamarket.TestExisting" name="test_payments_flow" time="0.387" /><testcase classname="backend.tests.test_nafamarket.TestExisting" name="test_send_message" time="0.106" /></testsuite></testsuites>