<?xml version="1.0" encoding="utf-8"?><testsuites name="pytest tests"><testsuite name="pytest" errors="0" failures="0" skipped="0" tests="10" time="2.673" timestamp="2026-05-19T23:06:51.826405+00:00" hostname="agent-env-42e5c584-333e-40ec-996d-3757201951c7"><testcase classname="backend.tests.test_cinetpay.TestConfig" name="test_config_public" time="0.154" /><testcase classname="backend.tests.test_cinetpay.TestInitiate" name="test_initiate_requires_auth" time="0.109" /><testcase classname="backend.tests.test_cinetpay.TestInitiate" name="test_initiate_wrong_purpose_returns_400" time="0.324" /><testcase classname="backend.tests.test_cinetpay.TestInitiate" name="test_initiate_boost_returns_mock_payment_url" time="0.243" /><testcase classname="backend.tests.test_cinetpay.TestCheckBoost" name="test_check_activates_boost_and_idempotent" time="0.503" /><testcase classname="backend.tests.test_cinetpay.TestPremium" name="test_check_activates_premium" time="0.329" /><testcase classname="backend.tests.test_cinetpay.TestProSubscription" name="test_check_activates_pro" time="0.376" /><testcase classname="backend.tests.test_cinetpay.TestWebhook" name="test_webhook_already_processed_for_completed_payment" time="0.336" /><testcase classname="backend.tests.test_cinetpay.TestWebhook" name="test_webhook_missing_tx_returns_400" time="0.112" /><testcase classname="backend.tests.test_cinetpay.TestPaymentsHistory" name="test_payments_me_contains_cinetpay" time="0.110" /></testsuite></testsuites>